C:\Program Files (x86)\Microsoft Visual Studio\2017\Community\Common7\IDE\VC\VCTargets\Microsoft.CppBuild.targets(376,5): warning MSB8004: Intermediate Directory does not end with a trailing slash.  This build instance will add the slash as it is required to allow proper evaluation of the Intermediate Directory.
C:\Program Files (x86)\Microsoft Visual Studio\2017\Community\Common7\IDE\VC\VCTargets\Microsoft.CppBuild.targets(377,5): warning MSB8004: Output Directory does not end with a trailing slash.  This build instance will add the slash as it is required to allow proper evaluation of the Output Directory.
  main.cpp
c:\users\carl j. ntifo\documents\git\opengl_waves\opengl_waves\src\geometrygenerator.h(81): warning C4305: 'initializing': truncation from 'double' to 'const float'
c:\users\carl j. ntifo\documents\git\opengl_waves\opengl_waves\src\terrain.h(25): warning C4244: 'argument': conversion from 'time_t' to 'unsigned int', possible loss of data
c:\users\carl j. ntifo\documents\git\opengl_waves\opengl_waves\src\terrain.h(98): warning C4018: '<': signed/unsigned mismatch
c:\users\carl j. ntifo\documents\git\opengl_waves\opengl_waves\src\terrain.h(121): warning C4244: 'initializing': conversion from 'double' to 'float', possible loss of data
c:\users\carl j. ntifo\documents\git\opengl_waves\opengl_waves\src\terrain.h(132): warning C4244: 'argument': conversion from 'int' to 'float', possible loss of data
c:\users\carl j. ntifo\documents\git\opengl_waves\opengl_waves\src\terrain.h(133): warning C4244: 'argument': conversion from 'int' to 'float', possible loss of data
c:\users\carl j. ntifo\documents\git\opengl_waves\opengl_waves\src\terrain.h(134): warning C4244: 'argument': conversion from 'int' to 'float', possible loss of data
c:\users\carl j. ntifo\documents\git\opengl_waves\opengl_waves\src\terrain.h(135): warning C4244: 'argument': conversion from 'int' to 'float', possible loss of data
c:\users\carl j. ntifo\documents\git\opengl_waves\opengl_waves\src\terrain.h(154): warning C4244: 'argument': conversion from 'float' to 'unsigned int', possible loss of data
c:\users\carl j. ntifo\documents\git\opengl_waves\opengl_waves\src\terrain.h(155): warning C4244: 'return': conversion from 'int' to 'float', possible loss of data
c:\users\carl j. ntifo\documents\git\opengl_waves\opengl_waves\src\main.cpp(87): warning C4244: 'initializing': conversion from 'double' to 'float', possible loss of data
c:\users\carl j. ntifo\documents\git\opengl_waves\opengl_waves\src\main.cpp(167): warning C4244: '=': conversion from 'double' to 'float', possible loss of data
c:\users\carl j. ntifo\documents\git\opengl_waves\opengl_waves\src\main.cpp(168): warning C4244: '=': conversion from 'double' to 'float', possible loss of data
c:\users\carl j. ntifo\documents\git\opengl_waves\opengl_waves\src\main.cpp(172): warning C4244: 'initializing': conversion from 'double' to 'float', possible loss of data
c:\users\carl j. ntifo\documents\git\opengl_waves\opengl_waves\src\main.cpp(173): warning C4244: 'initializing': conversion from 'double' to 'float', possible loss of data
c:\users\carl j. ntifo\documents\git\opengl_waves\opengl_waves\src\main.cpp(175): warning C4244: '=': conversion from 'double' to 'float', possible loss of data
c:\users\carl j. ntifo\documents\git\opengl_waves\opengl_waves\src\main.cpp(176): warning C4244: '=': conversion from 'double' to 'float', possible loss of data
c:\users\carl j. ntifo\documents\git\opengl_waves\opengl_waves\src\main.cpp(185): warning C4244: 'argument': conversion from 'double' to 'float', possible loss of data
  OpenGL_Waves.vcxproj -> C:\Users\Carl J. Ntifo\Documents\Git\OpenGL_Waves\OpenGL_Waves\\bin\/Debug\OpenGL_Waves.exe
